<?xml version="1.0" encoding="UTF-8"?><testsuite errors="1" failures="0" name="org.example.features.search.SearchDdt" skipped="0" tests="1" time="27.45" timestamp="2020-05-133 03:55:23"><testcase classname="org.example.features.search.SearchDdt" name="Search scaun"><error message="Timed out after 5 seconds waiting for By.cssSelector: span.title-phrasing title-phrasing-sm to be displayed&#10;Build info: version: '2.53.1', revision: 'a36b8b1cd5757287168e54b817830adce9b0158d', time: '2016-06-30 19:26:09'&#10;System info: host: 'DESKTOP-IJQ4C6K', ip: '172.29.56.209', os.name: 'Windows 10', os.arch: 'x86', os.version: '10.0', java.version: '1.8.0_211'&#10;Driver info: driver.version: unknown&#10;For documentation on this error, please visit: http://seleniumhq.org/exceptions/no_such_element.html&#10;Build info: version: '2.53.1', revision: 'a36b8b1cd5757287168e54b817830adce9b0158d', time: '2016-06-30 19:26:09'&#10;System info: host: 'DESKTOP-IJQ4C6K', ip: '172.29.56.209', os.name: 'Windows 10', os.arch: 'x86', os.version: '10.0', java.version: '1.8.0_211'&#10;Driver info: driver.version: unknown" type="org.openqa.selenium.NoSuchElementException">Timed out after 5 seconds waiting for By.cssSelector: span.title-phrasing title-phrasing-sm to be displayed
Build info: version: '2.53.1', revision: 'a36b8b1cd5757287168e54b817830adce9b0158d', time: '2016-06-30 19:26:09'
System info: host: 'DESKTOP-IJQ4C6K', ip: '172.29.56.209', os.name: 'Windows 10', os.arch: 'x86', os.version: '10.0', java.version: '1.8.0_211'
Driver info: driver.version: unknown
For documentation on this error, please visit: http://seleniumhq.org/exceptions/no_such_element.html
Build info: version: '2.53.1', revision: 'a36b8b1cd5757287168e54b817830adce9b0158d', time: '2016-06-30 19:26:09'
System info: host: 'DESKTOP-IJQ4C6K', ip: '172.29.56.209', os.name: 'Windows 10', os.arch: 'x86', os.version: '10.0', java.version: '1.8.0_211'
Driver info: driver.version: unknown</error><system-err>Timed out after 5 seconds waiting for By.cssSelector: span.title-phrasing title-phrasing-sm to be displayed
Build info: version: '2.53.1', revision: 'a36b8b1cd5757287168e54b817830adce9b0158d', time: '2016-06-30 19:26:09'
System info: host: 'DESKTOP-IJQ4C6K', ip: '172.29.56.209', os.name: 'Windows 10', os.arch: 'x86', os.version: '10.0', java.version: '1.8.0_211'
Driver info: driver.version: unknown
For documentation on this error, please visit: http://seleniumhq.org/exceptions/no_such_element.html
Build info: version: '2.53.1', revision: 'a36b8b1cd5757287168e54b817830adce9b0158d', time: '2016-06-30 19:26:09'
System info: host: 'DESKTOP-IJQ4C6K', ip: '172.29.56.209', os.name: 'Windows 10', os.arch: 'x86', os.version: '10.0', java.version: '1.8.0_211'
Driver info: driver.version: unknown&#13;
org.example.pages.EmagPage.getResults(EmagPage.java:39)&#13;
org.example.steps.serenity.EmagEndUser.should_see_results(EmagEndUser.java:47)&#13;
org.example.features.search.SearchDdt.search_scaun(SearchDdt.java:32)&#13;
</system-err></testcase></testsuite>